------------------------------------------------------------------------
acquiring lock...
acquired.
emitting notice to root
an exception occurred: ViewDoesNotExist('Could not import locations.views. Error was: No module named json',)
releasing lock...
released.

0 batches, 0 sent
done in 0.38 seconds
------------------------------------------------------------------------
acquiring lock...
acquired.
emitting notice to root
an exception occurred: ViewDoesNotExist('Could not import locations.views. Error was: No module named json',)
releasing lock...
released.

0 batches, 0 sent
done in 0.37 seconds
------------------------------------------------------------------------
acquiring lock...
acquired.
emitting notice to root
an exception occurred: ViewDoesNotExist('Could not import locations.views. Error was: No module named json',)
releasing lock...
released.

0 batches, 0 sent
done in 0.37 seconds
------------------------------------------------------------------------
acquiring lock...
acquired.
emitting notice to root
an exception occurred: ViewDoesNotExist('Could not import locations.views. Error was: No module named json',)
releasing lock...
released.

0 batches, 0 sent
done in 0.37 seconds
------------------------------------------------------------------------
acquiring lock...
acquired.
emitting notice to root
an exception occurred: ViewDoesNotExist('Could not import locations.views. Error was: No module named json',)
releasing lock...
released.

0 batches, 0 sent
done in 0.37 seconds
------------------------------------------------------------------------
acquiring lock...
acquired.
emitting notice to root
an exception occurred: ViewDoesNotExist('Could not import locations.views. Error was: No module named json',)
releasing lock...
released.

0 batches, 0 sent
done in 0.38 seconds
------------------------------------------------------------------------
acquiring lock...
acquired.
emitting notice to root
an exception occurred: ViewDoesNotExist('Could not import locations.views. Error was: No module named json',)
releasing lock...
released.

0 batches, 0 sent
done in 0.37 seconds
------------------------------------------------------------------------
acquiring lock...
acquired.
emitting notice to root
an exception occurred: ViewDoesNotExist('Could not import locations.views. Error was: No module named json',)
releasing lock...
released.

0 batches, 0 sent
done in 0.38 seconds
------------------------------------------------------------------------
acquiring lock...
acquired.
emitting notice to root
an exception occurred: ViewDoesNotExist('Could not import locations.views. Error was: No module named json',)
releasing lock...
released.

0 batches, 0 sent
done in 0.38 seconds
------------------------------------------------------------------------
acquiring lock...
acquired.
emitting notice to root
an exception occurred: ViewDoesNotExist('Could not import locations.views. Error was: No module named json',)
releasing lock...
released.

0 batches, 0 sent
done in 0.38 seconds
------------------------------------------------------------------------
acquiring lock...
acquired.
emitting notice to root
an exception occurred: ViewDoesNotExist('Could not import locations.views. Error was: No module named json',)
releasing lock...
released.

0 batches, 0 sent
done in 0.37 seconds
------------------------------------------------------------------------
acquiring lock...
acquired.
emitting notice to root
an exception occurred: ViewDoesNotExist('Could not import locations.views. Error was: No module named json',)
releasing lock...
released.

0 batches, 0 sent
done in 0.37 seconds
------------------------------------------------------------------------
acquiring lock...
acquired.
emitting notice to root
an exception occurred: ViewDoesNotExist('Could not import locations.views. Error was: No module named json',)
releasing lock...
released.

0 batches, 0 sent
done in 0.38 seconds
------------------------------------------------------------------------
acquiring lock...
acquired.
emitting notice to root
an exception occurred: ViewDoesNotExist('Could not import locations.views. Error was: No module named json',)
releasing lock...
released.

0 batches, 0 sent
done in 0.37 seconds
------------------------------------------------------------------------
acquiring lock...
acquired.
emitting notice to root
an exception occurred: ViewDoesNotExist('Could not import locations.views. Error was: No module named json',)
releasing lock...
released.

0 batches, 0 sent
done in 0.37 seconds
------------------------------------------------------------------------
acquiring lock...
acquired.
emitting notice to root
an exception occurred: ViewDoesNotExist('Could not import locations.views. Error was: No module named json',)
releasing lock...
released.

0 batches, 0 sent
done in 0.44 seconds
------------------------------------------------------------------------
acquiring lock...
acquired.
emitting notice to root
an exception occurred: ViewDoesNotExist('Could not import locations.views. Error was: No module named json',)
releasing lock...
released.

0 batches, 0 sent
done in 0.38 seconds
------------------------------------------------------------------------
acquiring lock...
acquired.
emitting notice to root
an exception occurred: ViewDoesNotExist('Could not import locations.views. Error was: No module named json',)
releasing lock...
released.

0 batches, 0 sent
done in 0.37 seconds
------------------------------------------------------------------------
acquiring lock...
acquired.
emitting notice to root
an exception occurred: ViewDoesNotExist('Could not import locations.views. Error was: No module named json',)
releasing lock...
released.

0 batches, 0 sent
done in 0.37 seconds
------------------------------------------------------------------------
acquiring lock...
acquired.
emitting notice to root
an exception occurred: ViewDoesNotExist('Could not import locations.views. Error was: No module named json',)
releasing lock...
released.

0 batches, 0 sent
done in 0.37 seconds
------------------------------------------------------------------------
acquiring lock...
acquired.
emitting notice to root
emitting notice to razvi
emitting notice to mentor1
emitting notice to norakatona
emitting notice to catalina_amihaiesi
emitting notice to Alexandra_Amihaiesi
emitting notice to vasi
emitting notice to student_test
emitting notice to florin_bunau
emitting notice to amihaiesi_catalina
emitting notice to cretu
emitting notice to ancad
emitting notice to root
emitting notice to razvi
emitting notice to mentor1
emitting notice to norakatona
emitting notice to catalina_amihaiesi
emitting notice to Alexandra_Amihaiesi
emitting notice to vasi
emitting notice to student_test
emitting notice to florin_bunau
emitting notice to amihaiesi_catalina
emitting notice to cretu
emitting notice to ancad
emitting notice to student_test2
emitting notice to student_test3
emitting notice to mentor_test
emitting notice to MihaelaCiobris
emitting notice to iacob2010
emitting notice to mariusberescu
emitting notice to stefancibian
emitting notice to Monica
emitting notice to Georgia
emitting notice to mihaioro
emitting notice to gabrielatardea
emitting notice to Doinis
emitting notice to testCNPMentor
emitting notice to dev
emitting notice to sfat
emitting notice to ale
emitting notice to soleriu
emitting notice to dionisierus
emitting notice to Kai
emitting notice to Allina
emitting notice to stefan_m
emitting notice to ioanabumb
emitting notice to Raluca_Gruia
emitting notice to Lili
emitting notice to Nicoleta_Dumitru
emitting notice to hennivucu
emitting notice to mmadaras
emitting notice to oa_na_ro
emitting notice to andreeamaria
emitting notice to nadina
emitting notice to Mihai
emitting notice to morrysan
emitting notice to AlexandraPuris
emitting notice to brian
emitting notice to Lidia
emitting notice to Andreea_Mocanu
emitting notice to iulia
emitting notice to croitor
emitting notice to liana_precup
emitting notice to aida_pomian
emitting notice to mosneaguclaudia
emitting notice to Titus
emitting notice to Madalinaert
emitting notice to Ioana
emitting notice to AlexTita
emitting notice to rvbunea
emitting notice to oana
emitting notice to telegdiandrea
emitting notice to Alin_Ch
emitting notice to VirgilSmarandoiu
emitting notice to IOANAPAVEL
emitting notice to radiatorul
emitting notice to catalin_anghel
emitting notice to ionescu_nadia
emitting notice to BogdanCicioc
emitting notice to farkasanca
emitting notice to stehard78
emitting notice to Timeea
emitting notice to mihaita
emitting notice to AlexDragan
emitting notice to rb_judit
emitting notice to Poenaru_Raluca
emitting notice to AndradaH
emitting notice to anca
emitting notice to adrianbradea
emitting notice to ildecotus
emitting notice to iuliadromereschi
emitting notice to dianac10
emitting notice to troll
emitting notice to Alex
emitting notice to andrei_nistor
emitting notice to szabotamas
emitting notice to mihaioprea
emitting notice to MadalinaCotiu
emitting notice to Cristina
emitting notice to qzan_cristty
emitting notice to iulia_g16
emitting notice to Silvia_Csiki
emitting notice to ralucapetrus
emitting notice to maslid2006
emitting notice to gabrielacrisan_09
emitting notice to Flaviu
emitting notice to StefanaN
emitting notice to olteanalinleon
emitting notice to danadaala
emitting notice to CristinaM
emitting notice to VioricaOlteanu
emitting notice to Anca_Popescu
emitting notice to Edwina
emitting notice to apristas
emitting notice to chrismile_s
emitting notice to teodoramartiniuc
emitting notice to cezara_n
emitting notice to deni120
emitting notice to reka_gal
emitting notice to raluca_ghete
emitting notice to DoraChetan
emitting notice to andreeeaj
emitting notice to Ana_Toma
emitting notice to fazakasemese
emitting notice to mmanoiu
emitting notice to Andramihaila
emitting notice to Szendy
emitting notice to andreeaorsan
emitting notice to AndreeaCiutacu
emitting notice to Gabriela
emitting notice to Nausicapop
emitting notice to LaPetiteFolle
emitting notice to cristinab
emitting notice to Almos
emitting notice to Emanuela
emitting notice to Luminita11
emitting notice to socolsiu
emitting notice to CodrutaB
emitting notice to Ciban
emitting notice to VictorGavronschi
emitting notice to karinakopriva
emitting notice to vladgroza
emitting notice to dana_al_georgescu
emitting notice to Raisa2011
emitting notice to Katalin
emitting notice to Florina
emitting notice to octavia
emitting notice to Ale_xandra
emitting notice to alexa_maria18
emitting notice to andreipaul
emitting notice to Dana01
emitting notice to ralucavasilica
emitting notice to ramona
emitting notice to Stefannel
emitting notice to alinamcdee
emitting notice to gaborvida
emitting notice to sebi_boga
emitting notice to hideg
emitting notice to amarcus
emitting notice to Damaris
emitting notice to NiniMihaila
emitting notice to krie0984
emitting notice to seven7seven
emitting notice to oana77
emitting notice to marcelcodrea
emitting notice to Alexandra
emitting notice to root
emitting notice to razvi
emitting notice to mentor1
emitting notice to norakatona
emitting notice to catalina_amihaiesi
emitting notice to Alexandra_Amihaiesi
emitting notice to vasi
emitting notice to student_test
emitting notice to florin_bunau
emitting notice to amihaiesi_catalina
emitting notice to cretu
emitting notice to ancad
emitting notice to student_test2
emitting notice to student_test3
emitting notice to mentor_test
emitting notice to MihaelaCiobris
emitting notice to iacob2010
emitting notice to mariusberescu
emitting notice to stefancibian
emitting notice to Monica
emitting notice to Georgia
emitting notice to mihaioro
emitting notice to gabrielatardea
emitting notice to Doinis
emitting notice to testCNPMentor
emitting notice to dev
emitting notice to sfat
emitting notice to ale
emitting notice to soleriu
emitting notice to dionisierus
emitting notice to Kai
emitting notice to Allina
emitting notice to stefan_m
emitting notice to ioanabumb
emitting notice to Raluca_Gruia
emitting notice to Lili
emitting notice to Nicoleta_Dumitru
emitting notice to hennivucu
emitting notice to mmadaras
emitting notice to oa_na_ro
emitting notice to andreeamaria
emitting notice to nadina
emitting notice to Mihai
emitting notice to morrysan
emitting notice to AlexandraPuris
emitting notice to brian
emitting notice to Lidia
emitting notice to Andreea_Mocanu
emitting notice to iulia
emitting notice to croitor
emitting notice to liana_precup
emitting notice to aida_pomian
emitting notice to mosneaguclaudia
emitting notice to Titus
emitting notice to Madalinaert
emitting notice to Ioana
emitting notice to AlexTita
emitting notice to rvbunea
emitting notice to oana
emitting notice to telegdiandrea
emitting notice to Alin_Ch
emitting notice to VirgilSmarandoiu
emitting notice to IOANAPAVEL
emitting notice to radiatorul
emitting notice to catalin_anghel
emitting notice to ionescu_nadia
emitting notice to BogdanCicioc
emitting notice to farkasanca
emitting notice to stehard78
emitting notice to Timeea
emitting notice to mihaita
emitting notice to AlexDragan
emitting notice to rb_judit
emitting notice to Poenaru_Raluca
emitting notice to AndradaH
emitting notice to anca
emitting notice to adrianbradea
emitting notice to ildecotus
emitting notice to iuliadromereschi
emitting notice to dianac10
emitting notice to troll
emitting notice to Alex
emitting notice to andrei_nistor
emitting notice to szabotamas
emitting notice to mihaioprea
emitting notice to MadalinaCotiu
emitting notice to Cristina
emitting notice to qzan_cristty
emitting notice to iulia_g16
emitting notice to Silvia_Csiki
emitting notice to ralucapetrus
emitting notice to maslid2006
emitting notice to gabrielacrisan_09
emitting notice to Flaviu
emitting notice to StefanaN
emitting notice to olteanalinleon
emitting notice to danadaala
emitting notice to CristinaM
emitting notice to VioricaOlteanu
emitting notice to Anca_Popescu
emitting notice to Edwina
emitting notice to apristas
emitting notice to chrismile_s
emitting notice to teodoramartiniuc
emitting notice to cezara_n
emitting notice to deni120
emitting notice to reka_gal
emitting notice to raluca_ghete
emitting notice to DoraChetan
emitting notice to andreeeaj
emitting notice to Ana_Toma
emitting notice to fazakasemese
emitting notice to mmanoiu
emitting notice to Andramihaila
emitting notice to Szendy
emitting notice to andreeaorsan
emitting notice to AndreeaCiutacu
emitting notice to Gabriela
emitting notice to Nausicapop
emitting notice to LaPetiteFolle
emitting notice to cristinab
emitting notice to Almos
emitting notice to Emanuela
emitting notice to Luminita11
emitting notice to socolsiu
emitting notice to CodrutaB
emitting notice to Ciban
emitting notice to VictorGavronschi
emitting notice to karinakopriva
emitting notice to vladgroza
emitting notice to dana_al_georgescu
emitting notice to Raisa2011
emitting notice to Katalin
emitting notice to Florina
emitting notice to octavia
emitting notice to Ale_xandra
emitting notice to alexa_maria18
emitting notice to andreipaul
emitting notice to Dana01
emitting notice to ralucavasilica
emitting notice to ramona
emitting notice to Stefannel
emitting notice to alinamcdee
emitting notice to gaborvida
emitting notice to sebi_boga
emitting notice to hideg
emitting notice to amarcus
emitting notice to Damaris
emitting notice to NiniMihaila
emitting notice to krie0984
emitting notice to seven7seven
emitting notice to oana77
emitting notice to marcelcodrea
emitting notice to Alexandra
emitting notice to gavrilhaba
emitting notice to Ileana_Pop
emitting notice to kiesoo
emitting notice to bogdan
emitting notice to raula_puscas
emitting notice to razyelx
emitting notice to rinalda
emitting notice to Camelia21
emitting notice to madalina
emitting notice to CosminMarc
emitting notice to biro_corina
emitting notice to Negoita_Oana
emitting notice to ioanamuresan
emitting notice to RaduMarmo
emitting notice to Flowz
emitting notice to marius1741
emitting notice to crossminder
emitting notice to AdrMin
emitting notice to HrDan
emitting notice to rodicapopa
emitting notice to OanaAndreea
emitting notice to uleicrisandiana
emitting notice to AlexandraGeorgescu
emitting notice to Ade89teatru
emitting notice to cvovidiu
emitting notice to victoras1
emitting notice to ricci
emitting notice to Kiwiana
emitting notice to Liana_rotariu
emitting notice to adriana_birlutiu
emitting notice to cristina_lenart
emitting notice to AndreeaLudosean
emitting notice to Bolganschi_2007
emitting notice to ancacocota
emitting notice to alexpop
emitting notice to claudia_david
emitting notice to Reka
emitting notice to mihai29
emitting notice to sonia_popovici
emitting notice to marya_mrg
emitting notice to teodora11
emitting notice to cristinaro
emitting notice to PalagaCristine
emitting notice to oana_ochiana
emitting notice to BogdanCD
emitting notice to cooler
emitting notice to punkophonized
emitting notice to an0nima
emitting notice to aylin_nyla
emitting notice to Laura
emitting notice to AncaPiglesan
emitting notice to costyka30
emitting notice to AntoniaFleseriu
emitting notice to Sergiulika90
emitting notice to Grette
emitting notice to miky_santa
emitting notice to alexpadu
emitting notice to raluk162000
emitting notice to Alina
emitting notice to pinky_sanda
emitting notice to flores
emitting notice to Luschi1935
emitting notice to Andreea
emitting notice to racoltabianka
emitting notice to ivanmihaela
emitting notice to cata
emitting notice to iantaclaudia
emitting notice to AndreiD
emitting notice to ildiko
emitting notice to StefMihaela
emitting notice to Maria
emitting notice to Liv_T
emitting notice to Druidul
emitting notice to irinamarginean
emitting notice to Man
emitting notice to adinamoldovan
emitting notice to IoanaL
emitting notice to Andi
emitting notice to Delia
emitting notice to sabinapop
emitting notice to alex_ciorogar
emitting notice to marsenescu
emitting notice to neamt_paula
emitting notice to alexandra_boanca
emitting notice to haragascosmina
emitting notice to peterke91
emitting notice to joanna
emitting notice to ps
emitting notice to alex_fleming
emitting notice to aechert
emitting notice to Olimpia
emitting notice to andreilazar
emitting notice to GeorgePaulMatei
emitting notice to arkoudaki
emitting notice to vasiholonec
emitting notice to Green
emitting notice to simonas
emitting notice to Claudia
emitting notice to madil
emitting notice to Ioana7
emitting notice to maryvys
emitting notice to dreveroxana
emitting notice to Norina
emitting notice to Melysa
emitting notice to AndreeaMov
emitting notice to Ela2305
emitting notice to adelapop
emitting notice to enikobarabasi
emitting notice to laviniajucan
emitting notice to marschalkaoeszter
emitting notice to Emma230591
emitting notice to Cyanescens
emitting notice to curioasa
emitting notice to vidi
emitting notice to silviu_emin
emitting notice to spikebogdan
emitting notice to andreiuta_ana
emitting notice to akidallherlife
emitting notice to Sandra
emitting notice to daniela_cj
emitting notice to beciuandreea
emitting notice to BRoxana
emitting notice to AlexandraLazar
emitting notice to Mihaela_Calin
emitting notice to madalina_29
emitting notice to flyperion
emitting notice to claudiu_mirescu
emitting notice to ghita
emitting notice to TESTTEST
emitting notice to TESTTEST1
emitting notice to justd
emitting notice to Cristutza
emitting notice to Alec
emitting notice to Bogdi_L
emitting notice to lorena_butusina
emitting notice to luiza
emitting notice to adora
emitting notice to IoanaJecan
emitting notice to Savianu
emitting notice to ovidiu_voina
emitting notice to andra
emitting notice to Pavaluca
emitting notice to madalina_martin
emitting notice to pintilie_mihaela_simona
emitting notice to Angalit
emitting notice to Burdisor
emitting notice to AndreeaPetrut
emitting notice to Sz_Melinda
emitting notice to lexaq
emitting notice to p0p_larysa
emitting notice to dumitrachepetrisormihai
emitting notice to kodrutza
emitting notice to dana_dan
emitting notice to marabujor
emitting notice to lucian_docea
emitting notice to Amy
emitting notice to Malina
emitting notice to adinatabitamorar
emitting notice to CarminM
emitting notice to monyilea
emitting notice to mihaelailea
emitting notice to vidri
emitting notice to roxanabalaci
emitting notice to carabasmihai
emitting notice to Iulia_07
releasing lock...
released.

3 batches, 485 sent
done in 17.20 seconds
------------------------------------------------------------------------
acquiring lock...
acquired.
releasing lock...
released.

0 batches, 0 sent
done in 0.00 seconds
------------------------------------------------------------------------
acquiring lock...
acquired.
releasing lock...
released.

0 batches, 0 sent
done in 0.00 seconds
------------------------------------------------------------------------
acquiring lock...
acquired.
releasing lock...
released.

0 batches, 0 sent
done in 0.00 seconds
------------------------------------------------------------------------
acquiring lock...
acquired.
releasing lock...
released.

0 batches, 0 sent
done in 0.00 seconds
------------------------------------------------------------------------
acquiring lock...
acquired.
releasing lock...
released.

0 batches, 0 sent
done in 0.00 seconds
------------------------------------------------------------------------
acquiring lock...
acquired.
releasing lock...
released.

0 batches, 0 sent
done in 0.00 seconds
------------------------------------------------------------------------
acquiring lock...
acquired.
releasing lock...
released.

0 batches, 0 sent
done in 0.00 seconds
------------------------------------------------------------------------
acquiring lock...
acquired.
releasing lock...
released.

0 batches, 0 sent
done in 0.03 seconds
------------------------------------------------------------------------
acquiring lock...
acquired.
releasing lock...
released.

0 batches, 0 sent
done in 0.02 seconds
------------------------------------------------------------------------
acquiring lock...
acquired.
releasing lock...
released.

0 batches, 0 sent
done in 0.36 seconds
------------------------------------------------------------------------
acquiring lock...
acquired.
releasing lock...
released.

0 batches, 0 sent
done in 0.00 seconds
------------------------------------------------------------------------
acquiring lock...
acquired.
releasing lock...
released.

0 batches, 0 sent
done in 0.00 seconds
------------------------------------------------------------------------
acquiring lock...
acquired.
releasing lock...
released.

0 batches, 0 sent
done in 0.00 seconds
------------------------------------------------------------------------
acquiring lock...
acquired.
releasing lock...
released.

0 batches, 0 sent
done in 0.00 seconds
------------------------------------------------------------------------
acquiring lock...
acquired.
releasing lock...
released.

0 batches, 0 sent
done in 0.00 seconds
------------------------------------------------------------------------
acquiring lock...
acquired.
releasing lock...
released.

0 batches, 0 sent
done in 0.00 seconds
------------------------------------------------------------------------
acquiring lock...
acquired.
releasing lock...
released.

0 batches, 0 sent
done in 0.00 seconds
------------------------------------------------------------------------
acquiring lock...
acquired.
releasing lock...
released.

0 batches, 0 sent
done in 0.00 seconds
------------------------------------------------------------------------
acquiring lock...
acquired.
releasing lock...
released.

0 batches, 0 sent
done in 0.00 seconds
------------------------------------------------------------------------
acquiring lock...
acquired.
releasing lock...
released.

0 batches, 0 sent
done in 0.00 seconds
------------------------------------------------------------------------
acquiring lock...
acquired.
releasing lock...
released.

0 batches, 0 sent
done in 0.00 seconds
------------------------------------------------------------------------
acquiring lock...
acquired.
releasing lock...
released.

0 batches, 0 sent
done in 0.00 seconds
------------------------------------------------------------------------
acquiring lock...
acquired.
releasing lock...
released.

0 batches, 0 sent
done in 0.00 seconds
------------------------------------------------------------------------
acquiring lock...
acquired.
releasing lock...
released.

0 batches, 0 sent
done in 0.00 seconds
------------------------------------------------------------------------
acquiring lock...
acquired.
releasing lock...
released.

0 batches, 0 sent
done in 0.00 seconds
------------------------------------------------------------------------
acquiring lock...
acquired.
releasing lock...
released.

0 batches, 0 sent
done in 0.00 seconds
------------------------------------------------------------------------
acquiring lock...
acquired.
releasing lock...
released.

0 batches, 0 sent
done in 0.00 seconds
------------------------------------------------------------------------
acquiring lock...
acquired.
releasing lock...
released.

0 batches, 0 sent
done in 0.00 seconds
------------------------------------------------------------------------
acquiring lock...
acquired.
releasing lock...
released.

0 batches, 0 sent
done in 0.00 seconds
------------------------------------------------------------------------
acquiring lock...
acquired.
releasing lock...
released.

0 batches, 0 sent
done in 0.00 seconds
------------------------------------------------------------------------
acquiring lock...
acquired.
releasing lock...
released.

0 batches, 0 sent
done in 0.00 seconds
------------------------------------------------------------------------
acquiring lock...
acquired.
releasing lock...
released.

0 batches, 0 sent
done in 0.00 seconds
------------------------------------------------------------------------
acquiring lock...
acquired.
emitting notice to root
emitting notice to razvi
emitting notice to mentor1
emitting notice to norakatona
emitting notice to catalina_amihaiesi
emitting notice to Alexandra_Amihaiesi
emitting notice to vasi
emitting notice to student_test
emitting notice to florin_bunau
emitting notice to amihaiesi_catalina
emitting notice to cretu
emitting notice to ancad
emitting notice to student_test2
emitting notice to student_test3
emitting notice to mentor_test
emitting notice to MihaelaCiobris
emitting notice to iacob2010
emitting notice to mariusberescu
emitting notice to stefancibian
emitting notice to Monica
emitting notice to Georgia
emitting notice to mihaioro
emitting notice to gabrielatardea
emitting notice to Doinis
emitting notice to testCNPMentor
emitting notice to dev
emitting notice to sfat
emitting notice to ale
emitting notice to soleriu
emitting notice to dionisierus
emitting notice to Kai
emitting notice to Allina
emitting notice to stefan_m
emitting notice to ioanabumb
emitting notice to Raluca_Gruia
emitting notice to Lili
emitting notice to Nicoleta_Dumitru
emitting notice to hennivucu
emitting notice to mmadaras
emitting notice to oa_na_ro
emitting notice to andreeamaria
emitting notice to nadina
emitting notice to Mihai
emitting notice to morrysan
emitting notice to AlexandraPuris
emitting notice to brian
emitting notice to Lidia
emitting notice to Andreea_Mocanu
emitting notice to iulia
emitting notice to croitor
emitting notice to liana_precup
emitting notice to aida_pomian
emitting notice to mosneaguclaudia
emitting notice to Titus
emitting notice to Madalinaert
emitting notice to Ioana
emitting notice to AlexTita
emitting notice to rvbunea
emitting notice to oana
emitting notice to telegdiandrea
emitting notice to Alin_Ch
emitting notice to VirgilSmarandoiu
emitting notice to IOANAPAVEL
emitting notice to radiatorul
emitting notice to catalin_anghel
emitting notice to ionescu_nadia
emitting notice to BogdanCicioc
emitting notice to farkasanca
emitting notice to stehard78
emitting notice to Timeea
emitting notice to mihaita
emitting notice to AlexDragan
emitting notice to rb_judit
emitting notice to Poenaru_Raluca
emitting notice to AndradaH
emitting notice to anca
emitting notice to adrianbradea
emitting notice to ildecotus
emitting notice to iuliadromereschi
emitting notice to dianac10
emitting notice to troll
emitting notice to Alex
emitting notice to andrei_nistor
emitting notice to szabotamas
emitting notice to mihaioprea
emitting notice to MadalinaCotiu
emitting notice to Cristina
emitting notice to qzan_cristty
emitting notice to iulia_g16
emitting notice to Silvia_Csiki
emitting notice to ralucapetrus
emitting notice to maslid2006
emitting notice to gabrielacrisan_09
emitting notice to Flaviu
emitting notice to StefanaN
emitting notice to olteanalinleon
emitting notice to danadaala
emitting notice to CristinaM
emitting notice to VioricaOlteanu
emitting notice to Anca_Popescu
emitting notice to Edwina
emitting notice to apristas
emitting notice to chrismile_s
emitting notice to teodoramartiniuc
emitting notice to cezara_n
emitting notice to deni120
emitting notice to reka_gal
emitting notice to raluca_ghete
emitting notice to DoraChetan
emitting notice to andreeeaj
emitting notice to Ana_Toma
emitting notice to fazakasemese
emitting notice to mmanoiu
emitting notice to Andramihaila
emitting notice to Szendy
emitting notice to andreeaorsan
emitting notice to AndreeaCiutacu
emitting notice to Gabriela
emitting notice to Nausicapop
emitting notice to LaPetiteFolle
emitting notice to cristinab
emitting notice to Almos
emitting notice to Emanuela
emitting notice to Luminita11
emitting notice to socolsiu
emitting notice to CodrutaB
emitting notice to Ciban
emitting notice to VictorGavronschi
emitting notice to karinakopriva
emitting notice to vladgroza
emitting notice to dana_al_georgescu
emitting notice to Raisa2011
emitting notice to Katalin
emitting notice to Florina
emitting notice to octavia
emitting notice to Ale_xandra
emitting notice to alexa_maria18
emitting notice to andreipaul
emitting notice to Dana01
emitting notice to ralucavasilica
emitting notice to ramona
emitting notice to Stefannel
emitting notice to alinamcdee
emitting notice to gaborvida
emitting notice to sebi_boga
emitting notice to hideg
emitting notice to amarcus
emitting notice to Damaris
emitting notice to NiniMihaila
emitting notice to krie0984
emitting notice to seven7seven
emitting notice to oana77
emitting notice to marcelcodrea
emitting notice to Alexandra
emitting notice to gavrilhaba
emitting notice to Ileana_Pop
emitting notice to kiesoo
emitting notice to bogdan
emitting notice to raula_puscas
emitting notice to razyelx
emitting notice to rinalda
emitting notice to Camelia21
emitting notice to madalina
emitting notice to CosminMarc
emitting notice to biro_corina
emitting notice to Negoita_Oana
emitting notice to ioanamuresan
emitting notice to RaduMarmo
emitting notice to Flowz
emitting notice to marius1741
emitting notice to crossminder
emitting notice to AdrMin
emitting notice to HrDan
emitting notice to rodicapopa
emitting notice to OanaAndreea
emitting notice to uleicrisandiana
emitting notice to AlexandraGeorgescu
emitting notice to Ade89teatru
emitting notice to cvovidiu
emitting notice to victoras1
emitting notice to ricci
emitting notice to Kiwiana
emitting notice to Liana_rotariu
emitting notice to adriana_birlutiu
emitting notice to cristina_lenart
emitting notice to AndreeaLudosean
emitting notice to Bolganschi_2007
emitting notice to ancacocota
emitting notice to alexpop
emitting notice to claudia_david
emitting notice to Reka
emitting notice to mihai29
emitting notice to sonia_popovici
emitting notice to marya_mrg
emitting notice to teodora11
emitting notice to cristinaro
emitting notice to PalagaCristine
emitting notice to oana_ochiana
emitting notice to BogdanCD
emitting notice to cooler
emitting notice to punkophonized
emitting notice to an0nima
emitting notice to aylin_nyla
emitting notice to Laura
emitting notice to AncaPiglesan
emitting notice to costyka30
emitting notice to AntoniaFleseriu
emitting notice to Sergiulika90
emitting notice to Grette
emitting notice to miky_santa
emitting notice to alexpadu
emitting notice to raluk162000
emitting notice to Alina
emitting notice to pinky_sanda
emitting notice to flores
emitting notice to Luschi1935
emitting notice to Andreea
emitting notice to racoltabianka
emitting notice to ivanmihaela
emitting notice to cata
emitting notice to iantaclaudia
emitting notice to AndreiD
emitting notice to ildiko
emitting notice to StefMihaela
emitting notice to Maria
emitting notice to Liv_T
emitting notice to Druidul
emitting notice to irinamarginean
emitting notice to Man
emitting notice to adinamoldovan
emitting notice to IoanaL
emitting notice to Andi
emitting notice to Delia
emitting notice to sabinapop
emitting notice to alex_ciorogar
emitting notice to marsenescu
emitting notice to neamt_paula
emitting notice to alexandra_boanca
emitting notice to haragascosmina
emitting notice to peterke91
emitting notice to joanna
emitting notice to ps
emitting notice to alex_fleming
emitting notice to aechert
emitting notice to Olimpia
emitting notice to andreilazar
emitting notice to GeorgePaulMatei
emitting notice to arkoudaki
emitting notice to vasiholonec
emitting notice to Green
emitting notice to simonas
emitting notice to Claudia
emitting notice to madil
emitting notice to Ioana7
emitting notice to maryvys
emitting notice to dreveroxana
emitting notice to Norina
emitting notice to Melysa
emitting notice to AndreeaMov
emitting notice to Ela2305
emitting notice to adelapop
emitting notice to enikobarabasi
emitting notice to laviniajucan
emitting notice to marschalkaoeszter
emitting notice to Emma230591
emitting notice to Cyanescens
emitting notice to curioasa
emitting notice to vidi
emitting notice to silviu_emin
emitting notice to spikebogdan
emitting notice to andreiuta_ana
emitting notice to akidallherlife
emitting notice to Sandra
emitting notice to daniela_cj
emitting notice to beciuandreea
emitting notice to BRoxana
emitting notice to AlexandraLazar
emitting notice to Mihaela_Calin
emitting notice to madalina_29
emitting notice to flyperion
emitting notice to claudiu_mirescu
emitting notice to ghita
emitting notice to TESTTEST
emitting notice to TESTTEST1
emitting notice to justd
emitting notice to Cristutza
emitting notice to Alec
emitting notice to Bogdi_L
emitting notice to lorena_butusina
emitting notice to luiza
emitting notice to adora
emitting notice to IoanaJecan
emitting notice to Savianu
emitting notice to ovidiu_voina
emitting notice to andra
emitting notice to Pavaluca
emitting notice to madalina_martin
emitting notice to pintilie_mihaela_simona
emitting notice to Angalit
emitting notice to Burdisor
emitting notice to AndreeaPetrut
emitting notice to Sz_Melinda
emitting notice to lexaq
emitting notice to p0p_larysa
emitting notice to dumitrachepetrisormihai
emitting notice to kodrutza
emitting notice to dana_dan
emitting notice to marabujor
emitting notice to lucian_docea
emitting notice to Amy
emitting notice to Malina
emitting notice to adinatabitamorar
emitting notice to CarminM
emitting notice to monyilea
emitting notice to mihaelailea
emitting notice to vidri
emitting notice to roxanabalaci
emitting notice to carabasmihai
emitting notice to Iulia_07
emitting notice to Emil
emitting notice to tepusionut
emitting notice to chuczy
emitting notice to septimiuszabo
emitting notice to andreea_lukacs
emitting notice to martaherki
emitting notice to Mihaela_Orban
emitting notice to kathya89_19
emitting notice to Osirisa
emitting notice to Issore
emitting notice to chinan_ana_maria
emitting notice to Ela
emitting notice to Roxana
emitting notice to anka
emitting notice to Pirau
emitting notice to IuliaM
emitting notice to BorzasiSarolta
emitting notice to Ana_Nalbaru
emitting notice to mony_morar18
emitting notice to liaabi
emitting notice to ioana_magda
emitting notice to AdelaOltean
emitting notice to danielle88sweet
emitting notice to SandaC
emitting notice to alexandraoniga
emitting notice to andreeaflorea22
emitting notice to CHINDRIS_DANIELA
emitting notice to monica_ion
emitting notice to missgrid
emitting notice to fmoga
emitting notice to timoftipaul
emitting notice to Alexandra16
emitting notice to anamas
emitting notice to roxanacheregii
emitting notice to catalina_ioana
emitting notice to crina_chesa
emitting notice to Inga
emitting notice to Anca_Dascal
emitting notice to alexia
emitting notice to DanaChiorean
emitting notice to mentortest_x
emitting notice to alexa_dragomir
emitting notice to reghenimia
emitting notice to Bambi
emitting notice to mirceamoto
emitting notice to claudiub
emitting notice to DanaDre
emitting notice to aniko_nistor
emitting notice to Erikaizabellasz
emitting notice to kovacsreka
emitting notice to Hamilcar
emitting notice to goiamarian
emitting notice to roxy_sweet_girl2003
emitting notice to agocan
emitting notice to mfiurian
emitting notice to Corina
emitting notice to Iuliabm
emitting notice to anca_hreceniuc
emitting notice to ana_imbrea
emitting notice to IoanaCaprar
emitting notice to Eliza
emitting notice to teo_pupikutz
emitting notice to Varga_Levente
emitting notice to Kinga88
emitting notice to Deianira
emitting notice to vasile_anton
emitting notice to kitty_4ro
emitting notice to stenache
emitting notice to isip_alex
emitting notice to hampu_bogdan91
emitting notice to Elena
emitting notice to Menthal
emitting notice to gcsatari
emitting notice to creatza89
releasing lock...
released.

1 batches, 393 sent
done in 20.15 seconds
------------------------------------------------------------------------
acquiring lock...
acquired.
releasing lock...
released.

0 batches, 0 sent
done in 0.00 seconds
------------------------------------------------------------------------
acquiring lock...
acquired.
releasing lock...
released.

0 batches, 0 sent
done in 0.00 seconds
------------------------------------------------------------------------
acquiring lock...
acquired.
releasing lock...
released.

0 batches, 0 sent
done in 0.00 seconds
------------------------------------------------------------------------
acquiring lock...
acquired.
releasing lock...
released.

0 batches, 0 sent
done in 0.00 seconds
------------------------------------------------------------------------
acquiring lock...
acquired.
releasing lock...
released.

0 batches, 0 sent
done in 0.00 seconds
------------------------------------------------------------------------
acquiring lock...
acquired.
releasing lock...
released.

0 batches, 0 sent
done in 0.00 seconds
------------------------------------------------------------------------
acquiring lock...
acquired.
releasing lock...
released.

0 batches, 0 sent
done in 0.00 seconds
------------------------------------------------------------------------
acquiring lock...
acquired.
releasing lock...
released.

0 batches, 0 sent
done in 0.00 seconds
------------------------------------------------------------------------
acquiring lock...
acquired.
releasing lock...
released.

0 batches, 0 sent
done in 0.00 seconds
------------------------------------------------------------------------
acquiring lock...
acquired.
releasing lock...
released.

0 batches, 0 sent
done in 0.00 seconds
------------------------------------------------------------------------
acquiring lock...
acquired.
releasing lock...
released.

0 batches, 0 sent
done in 0.00 seconds
------------------------------------------------------------------------
acquiring lock...
acquired.
releasing lock...
released.

0 batches, 0 sent
done in 0.00 seconds
------------------------------------------------------------------------
acquiring lock...
acquired.
releasing lock...
released.

0 batches, 0 sent
done in 0.00 seconds
------------------------------------------------------------------------
acquiring lock...
acquired.
releasing lock...
released.

0 batches, 0 sent
done in 0.00 seconds
------------------------------------------------------------------------
acquiring lock...
acquired.
releasing lock...
released.

0 batches, 0 sent
done in 0.00 seconds
------------------------------------------------------------------------
acquiring lock...
acquired.
releasing lock...
released.

0 batches, 0 sent
done in 0.00 seconds
------------------------------------------------------------------------
acquiring lock...
acquired.
releasing lock...
released.

0 batches, 0 sent
done in 0.00 seconds
------------------------------------------------------------------------
acquiring lock...
acquired.
releasing lock...
released.

0 batches, 0 sent
done in 0.00 seconds
------------------------------------------------------------------------
acquiring lock...
acquired.
releasing lock...
released.

0 batches, 0 sent
done in 0.00 seconds
------------------------------------------------------------------------
acquiring lock...
acquired.
releasing lock...
released.

0 batches, 0 sent
done in 0.00 seconds
------------------------------------------------------------------------
acquiring lock...
acquired.
releasing lock...
released.

0 batches, 0 sent
done in 0.00 seconds
------------------------------------------------------------------------
acquiring lock...
acquired.
releasing lock...
released.

0 batches, 0 sent
done in 0.00 seconds
------------------------------------------------------------------------
acquiring lock...
acquired.
releasing lock...
released.

0 batches, 0 sent
done in 0.00 seconds
------------------------------------------------------------------------
acquiring lock...
acquired.
releasing lock...
released.

0 batches, 0 sent
done in 0.00 seconds
------------------------------------------------------------------------
acquiring lock...
acquired.
releasing lock...
released.

0 batches, 0 sent
done in 0.00 seconds
------------------------------------------------------------------------
acquiring lock...
acquired.
releasing lock...
released.

0 batches, 0 sent
done in 0.00 seconds
------------------------------------------------------------------------
acquiring lock...
acquired.
releasing lock...
released.

0 batches, 0 sent
done in 0.00 seconds
------------------------------------------------------------------------
acquiring lock...
acquired.
releasing lock...
released.

0 batches, 0 sent
done in 0.00 seconds
------------------------------------------------------------------------
acquiring lock...
acquired.
releasing lock...
released.

0 batches, 0 sent
done in 0.00 seconds
------------------------------------------------------------------------
acquiring lock...
acquired.
releasing lock...
released.

0 batches, 0 sent
done in 0.00 seconds
------------------------------------------------------------------------
acquiring lock...
acquired.
releasing lock...
released.

0 batches, 0 sent
done in 0.00 seconds
------------------------------------------------------------------------
acquiring lock...
acquired.
releasing lock...
released.

0 batches, 0 sent
done in 0.00 seconds
------------------------------------------------------------------------
acquiring lock...
acquired.
releasing lock...
released.

0 batches, 0 sent
done in 0.00 seconds
------------------------------------------------------------------------
acquiring lock...
acquired.
releasing lock...
released.

0 batches, 0 sent
done in 0.00 seconds
------------------------------------------------------------------------
acquiring lock...
acquired.
releasing lock...
released.

0 batches, 0 sent
done in 0.00 seconds
------------------------------------------------------------------------
acquiring lock...
acquired.
releasing lock...
released.

0 batches, 0 sent
done in 0.00 seconds
------------------------------------------------------------------------
acquiring lock...
acquired.
releasing lock...
released.

0 batches, 0 sent
done in 0.00 seconds
------------------------------------------------------------------------
acquiring lock...
acquired.
releasing lock...
released.

0 batches, 0 sent
done in 0.00 seconds
------------------------------------------------------------------------
acquiring lock...
acquired.
releasing lock...
released.

0 batches, 0 sent
done in 0.00 seconds
------------------------------------------------------------------------
acquiring lock...
acquired.
releasing lock...
released.

0 batches, 0 sent
done in 0.00 seconds
------------------------------------------------------------------------
acquiring lock...
acquired.
releasing lock...
released.

0 batches, 0 sent
done in 0.00 seconds
------------------------------------------------------------------------
acquiring lock...
acquired.
releasing lock...
released.

0 batches, 0 sent
done in 0.00 seconds
------------------------------------------------------------------------
acquiring lock...
acquired.
releasing lock...
released.

0 batches, 0 sent
done in 0.00 seconds
------------------------------------------------------------------------
acquiring lock...
acquired.
releasing lock...
released.

0 batches, 0 sent
done in 0.00 seconds
------------------------------------------------------------------------
acquiring lock...
acquired.
releasing lock...
released.

0 batches, 0 sent
done in 0.00 seconds
------------------------------------------------------------------------
acquiring lock...
acquired.
releasing lock...
released.

0 batches, 0 sent
done in 0.00 seconds
------------------------------------------------------------------------
acquiring lock...
acquired.
releasing lock...
released.

0 batches, 0 sent
done in 0.00 seconds
------------------------------------------------------------------------
acquiring lock...
acquired.
releasing lock...
released.

0 batches, 0 sent
done in 0.00 seconds
------------------------------------------------------------------------
acquiring lock...
acquired.
releasing lock...
released.

0 batches, 0 sent
done in 0.00 seconds
------------------------------------------------------------------------
acquiring lock...
acquired.
releasing lock...
released.

0 batches, 0 sent
done in 0.00 seconds
------------------------------------------------------------------------
acquiring lock...
acquired.
releasing lock...
released.

0 batches, 0 sent
done in 0.00 seconds
------------------------------------------------------------------------
acquiring lock...
acquired.
releasing lock...
released.

0 batches, 0 sent
done in 0.00 seconds
------------------------------------------------------------------------
acquiring lock...
acquired.
releasing lock...
released.

0 batches, 0 sent
done in 0.00 seconds
------------------------------------------------------------------------
acquiring lock...
acquired.
releasing lock...
released.

0 batches, 0 sent
done in 0.00 seconds
------------------------------------------------------------------------
acquiring lock...
acquired.
releasing lock...
released.

0 batches, 0 sent
done in 0.00 seconds
------------------------------------------------------------------------
acquiring lock...
acquired.
releasing lock...
released.

0 batches, 0 sent
done in 0.00 seconds
------------------------------------------------------------------------
acquiring lock...
acquired.
releasing lock...
released.

0 batches, 0 sent
done in 0.00 seconds
------------------------------------------------------------------------
acquiring lock...
acquired.
releasing lock...
released.

0 batches, 0 sent
done in 0.00 seconds
------------------------------------------------------------------------
acquiring lock...
acquired.
releasing lock...
released.

0 batches, 0 sent
done in 0.00 seconds
------------------------------------------------------------------------
acquiring lock...
acquired.
releasing lock...
released.

0 batches, 0 sent
done in 0.00 seconds
------------------------------------------------------------------------
acquiring lock...
acquired.
releasing lock...
released.

0 batches, 0 sent
done in 0.00 seconds
------------------------------------------------------------------------
acquiring lock...
acquired.
releasing lock...
released.

0 batches, 0 sent
done in 0.01 seconds
------------------------------------------------------------------------
acquiring lock...
acquired.
releasing lock...
released.

0 batches, 0 sent
done in 0.00 seconds
------------------------------------------------------------------------
acquiring lock...
acquired.
releasing lock...
released.

0 batches, 0 sent
done in 0.00 seconds
------------------------------------------------------------------------
acquiring lock...
acquired.
releasing lock...
released.

0 batches, 0 sent
done in 0.00 seconds
------------------------------------------------------------------------
acquiring lock...
acquired.
releasing lock...
released.

0 batches, 0 sent
done in 0.00 seconds
------------------------------------------------------------------------
acquiring lock...
acquired.
releasing lock...
released.

0 batches, 0 sent
done in 0.00 seconds
